Base path: C:/Program Files/Unity/Editor/Data
Cmd: initializeCompiler
Cmd: preprocess
  error: 1 plat 21 at (41): Automatically setting target of LOD_FADE_CROSSFADE to 3.0
  insize=39705 outsize=34140 ok=1
Cmd: preprocess
  insize=6612 outsize=4066 ok=1
Cmd: preprocess
  insize=24918 outsize=18716 ok=1
Cmd: preprocess
  insize=17926 outsize=12946 ok=1
Cmd: preprocess
  insize=8128 outsize=5224 ok=1
Cmd: preprocess
  error: 1 plat 21 at (25): Automatically setting target of LOD_FADE_CROSSFADE to 3.0
  insize=11766 outsize=10295 ok=1
Cmd: preprocess
  error: 1 plat 21 at (34): Automatically setting target of LOD_FADE_CROSSFADE to 3.0
  insize=25351 outsize=21501 ok=1
Cmd: preprocess
  insize=4823 outsize=4218 ok=1
Cmd: preprocess
  insize=5818 outsize=4972 ok=1
Cmd: preprocess
  error: 1 plat 21 at (24): Automatically setting target of LOD_FADE_CROSSFADE to 3.0
  insize=11154 outsize=9637 ok=1
Cmd: preprocess
  error: 1 plat 21 at (34): Automatically setting target of LOD_FADE_CROSSFADE to 3.0
  insize=28727 outsize=24947 ok=1
Cmd: preprocess
  insize=12774 outsize=1571 ok=1
